2021-06-13 11:13:11,847 [Worker-5] INFO  c.g.t.t.d.PublishedGradleVersions - Gradle version information cache is out-of-date. Trying to update.
2021-06-13 11:16:37,218 [Worker-2] INFO  o.e.m.c.i.p.ProjectConfigurationManager - Collecting project info '/pom.xml' C:\Users\dspsa\eclipse-workspace\mavenproj\Banking\pom.xml
2021-06-13 11:16:44,213 [Worker-2] INFO  o.e.m.c.i.l.LifecycleMappingFactory - Using org.maven.ide.eclipse.wtp.WarLifecycleMapping lifecycle mapping for MavenProject: com.team11:Banking:0.0.1-SNAPSHOT @ C:\Users\dspsa\eclipse-workspace\mavenproj\Banking\pom.xml.
2021-06-13 11:16:47,345 [Worker-2] INFO  o.e.m.j.i.AbstractJavaProjectConfigurator - Adding source folder /Banking/src/main/java
2021-06-13 11:16:47,346 [Worker-2] INFO  o.e.m.j.i.AbstractJavaProjectConfigurator - Adding resource folder /Banking/src/main/resources
2021-06-13 11:16:47,347 [Worker-2] INFO  o.e.m.j.i.AbstractJavaProjectConfigurator - Adding source folder /Banking/src/test/java
2021-06-13 11:16:49,877 [Worker-2] INFO  o.e.m.c.i.p.ProjectConfigurationManager - Imported and configured 1 project(s) in 12 sec
2021-06-13 11:16:50,651 [Worker-19] WARN  o.e.m.c.i.embedder.EclipseLogger - Using platform encoding (Cp1252 actually) to copy filtered resources, i.e. build is platform dependent!
2021-06-13 11:16:50,663 [Worker-19] INFO  o.e.m.c.i.embedder.EclipseLogger - Copying 0 resource
2021-06-13 11:16:50,668 [Worker-19] WARN  o.e.m.c.i.embedder.EclipseLogger - Using platform encoding (Cp1252 actually) to copy filtered resources, i.e. build is platform dependent!
2021-06-13 11:16:50,669 [Worker-19] INFO  o.e.m.c.i.embedder.EclipseLogger - skip non existing resourceDirectory C:\Users\dspsa\eclipse-workspace\mavenproj\Banking\src\test\resources
2021-06-13 11:16:54,902 [Worker-7] WARN  o.e.m.c.i.embedder.EclipseLogger - Using platform encoding (Cp1252 actually) to copy filtered resources, i.e. build is platform dependent!
2021-06-13 11:16:54,920 [Worker-7] INFO  o.e.m.c.i.embedder.EclipseLogger - Copying 0 resource
2021-06-13 11:16:54,923 [Worker-7] WARN  o.e.m.c.i.embedder.EclipseLogger - Using platform encoding (Cp1252 actually) to copy filtered resources, i.e. build is platform dependent!
2021-06-13 11:16:54,925 [Worker-7] INFO  o.e.m.c.i.embedder.EclipseLogger - skip non existing resourceDirectory C:\Users\dspsa\eclipse-workspace\mavenproj\Banking\src\test\resources
2021-06-13 11:18:01,229 [Worker-2] WARN  o.e.m.c.i.embedder.EclipseLogger - Using platform encoding (Cp1252 actually) to copy filtered resources, i.e. build is platform dependent!
2021-06-13 11:18:01,231 [Worker-2] INFO  o.e.m.c.i.embedder.EclipseLogger - Copying 0 resource
2021-06-13 11:18:01,234 [Worker-2] WARN  o.e.m.c.i.embedder.EclipseLogger - Using platform encoding (Cp1252 actually) to copy filtered resources, i.e. build is platform dependent!
2021-06-13 11:18:01,235 [Worker-2] INFO  o.e.m.c.i.embedder.EclipseLogger - skip non existing resourceDirectory C:\Users\dspsa\eclipse-workspace\mavenproj\Banking\src\test\resources
2021-06-13 11:22:14,738 [Worker-20] WARN  o.e.m.c.i.embedder.EclipseLogger - Using platform encoding (Cp1252 actually) to copy filtered resources, i.e. build is platform dependent!
2021-06-13 11:22:14,743 [Worker-20] INFO  o.e.m.c.i.embedder.EclipseLogger - Copying 0 resource
2021-06-13 11:22:14,745 [Worker-20] WARN  o.e.m.c.i.embedder.EclipseLogger - Using platform encoding (Cp1252 actually) to copy filtered resources, i.e. build is platform dependent!
2021-06-13 11:22:14,746 [Worker-20] INFO  o.e.m.c.i.embedder.EclipseLogger - skip non existing resourceDirectory C:\Users\dspsa\eclipse-workspace\mavenproj\Banking\src\test\resources
2021-06-13 11:23:20,236 [Worker-21] WARN  o.e.m.c.i.embedder.EclipseLogger - Using platform encoding (Cp1252 actually) to copy filtered resources, i.e. build is platform dependent!
2021-06-13 11:23:20,247 [Worker-21] INFO  o.e.m.c.i.embedder.EclipseLogger - Copying 0 resource
2021-06-13 11:23:20,250 [Worker-21] WARN  o.e.m.c.i.embedder.EclipseLogger - Using platform encoding (Cp1252 actually) to copy filtered resources, i.e. build is platform dependent!
2021-06-13 11:23:20,253 [Worker-21] INFO  o.e.m.c.i.embedder.EclipseLogger - skip non existing resourceDirectory C:\Users\dspsa\eclipse-workspace\mavenproj\Banking\src\test\resources
2021-06-13 11:23:21,344 [Worker-21] WARN  o.e.m.c.i.embedder.EclipseLogger - Using platform encoding (Cp1252 actually) to copy filtered resources, i.e. build is platform dependent!
2021-06-13 11:23:21,347 [Worker-21] INFO  o.e.m.c.i.embedder.EclipseLogger - Copying 0 resource
2021-06-13 11:23:21,350 [Worker-21] WARN  o.e.m.c.i.embedder.EclipseLogger - Using platform encoding (Cp1252 actually) to copy filtered resources, i.e. build is platform dependent!
2021-06-13 11:23:21,355 [Worker-21] INFO  o.e.m.c.i.embedder.EclipseLogger - skip non existing resourceDirectory C:\Users\dspsa\eclipse-workspace\mavenproj\Banking\src\test\resources
2021-06-13 11:25:50,944 [Worker-22] INFO  o.e.m.c.i.l.LifecycleMappingFactory - Using org.maven.ide.eclipse.wtp.WarLifecycleMapping lifecycle mapping for MavenProject: com.team11:Banking:0.0.1-SNAPSHOT @ C:\Users\dspsa\eclipse-workspace\mavenproj\Banking\pom.xml.
2021-06-13 11:25:52,005 [Worker-22] INFO  o.e.m.c.i.e.AbstractTransferListenerAdapter - Downloading https://repo.maven.apache.org/maven2/mysql/mysql-connector-java/8.0.25/mysql-connector-java-8.0.25.pom
2021-06-13 11:25:52,251 [Worker-22] INFO  o.e.m.c.i.e.AbstractTransferListenerAdapter - Downloaded https://repo.maven.apache.org/maven2/mysql/mysql-connector-java/8.0.25/mysql-connector-java-8.0.25.pom
2021-06-13 11:25:52,389 [Worker-22] INFO  o.e.m.c.i.e.AbstractTransferListenerAdapter - Downloading https://repo.maven.apache.org/maven2/com/google/protobuf/protobuf-java/3.11.4/protobuf-java-3.11.4.pom
2021-06-13 11:25:52,558 [Worker-22] INFO  o.e.m.c.i.e.AbstractTransferListenerAdapter - Downloaded https://repo.maven.apache.org/maven2/com/google/protobuf/protobuf-java/3.11.4/protobuf-java-3.11.4.pom
2021-06-13 11:25:52,690 [Worker-22] INFO  o.e.m.c.i.e.AbstractTransferListenerAdapter - Downloading https://repo.maven.apache.org/maven2/com/google/protobuf/protobuf-parent/3.11.4/protobuf-parent-3.11.4.pom
2021-06-13 11:25:52,847 [Worker-22] INFO  o.e.m.c.i.e.AbstractTransferListenerAdapter - Downloaded https://repo.maven.apache.org/maven2/com/google/protobuf/protobuf-parent/3.11.4/protobuf-parent-3.11.4.pom
2021-06-13 11:25:52,979 [Worker-22] INFO  o.e.m.c.i.e.AbstractTransferListenerAdapter - Downloading https://repo.maven.apache.org/maven2/com/google/protobuf/protobuf-bom/3.11.4/protobuf-bom-3.11.4.pom
2021-06-13 11:25:53,126 [Worker-22] INFO  o.e.m.c.i.e.AbstractTransferListenerAdapter - Downloaded https://repo.maven.apache.org/maven2/com/google/protobuf/protobuf-bom/3.11.4/protobuf-bom-3.11.4.pom
2021-06-13 11:25:53,266 [Worker-22] INFO  o.e.m.c.i.e.AbstractTransferListenerAdapter - Downloading https://repo.maven.apache.org/maven2/mysql/mysql-connector-java/8.0.25/mysql-connector-java-8.0.25.jar
2021-06-13 11:25:55,790 [Worker-22] INFO  o.e.m.c.i.e.AbstractTransferListenerAdapter - Downloaded https://repo.maven.apache.org/maven2/mysql/mysql-connector-java/8.0.25/mysql-connector-java-8.0.25.jar
2021-06-13 11:25:55,927 [Worker-22] INFO  o.e.m.c.i.e.AbstractTransferListenerAdapter - Downloading https://repo.maven.apache.org/maven2/com/google/protobuf/protobuf-java/3.11.4/protobuf-java-3.11.4.jar
2021-06-13 11:25:58,443 [Worker-22] INFO  o.e.m.c.i.e.AbstractTransferListenerAdapter - Downloaded https://repo.maven.apache.org/maven2/com/google/protobuf/protobuf-java/3.11.4/protobuf-java-3.11.4.jar
2021-06-13 11:25:59,686 [Worker-22] WARN  o.e.m.c.i.embedder.EclipseLogger - Using platform encoding (Cp1252 actually) to copy filtered resources, i.e. build is platform dependent!
2021-06-13 11:25:59,689 [Worker-22] INFO  o.e.m.c.i.embedder.EclipseLogger - Copying 0 resource
2021-06-13 11:25:59,692 [Worker-22] WARN  o.e.m.c.i.embedder.EclipseLogger - Using platform encoding (Cp1252 actually) to copy filtered resources, i.e. build is platform dependent!
2021-06-13 11:25:59,693 [Worker-22] INFO  o.e.m.c.i.embedder.EclipseLogger - skip non existing resourceDirectory C:\Users\dspsa\eclipse-workspace\mavenproj\Banking\src\test\resources
2021-06-13 11:25:59,694 [Worker-22] INFO  o.e.m.w.i.f.ResourceFilteringBuildParticipant - Changed resources require a complete clean of filtered resources of Banking
2021-06-13 11:25:59,695 [Worker-22] INFO  o.e.m.w.i.f.ResourceFilteringBuildParticipant - Executing resource filtering for Banking
2021-06-13 11:25:59,702 [Worker-22] WARN  o.e.m.c.i.embedder.EclipseLogger - Using platform encoding (Cp1252 actually) to copy filtered resources, i.e. build is platform dependent!
2021-06-13 11:25:59,976 [Worker-21] WARN  o.e.m.c.i.embedder.EclipseLogger - Using platform encoding (Cp1252 actually) to copy filtered resources, i.e. build is platform dependent!
2021-06-13 11:25:59,978 [Worker-21] INFO  o.e.m.c.i.embedder.EclipseLogger - Copying 0 resource
2021-06-13 11:25:59,980 [Worker-21] WARN  o.e.m.c.i.embedder.EclipseLogger - Using platform encoding (Cp1252 actually) to copy filtered resources, i.e. build is platform dependent!
2021-06-13 11:25:59,981 [Worker-21] INFO  o.e.m.c.i.embedder.EclipseLogger - skip non existing resourceDirectory C:\Users\dspsa\eclipse-workspace\mavenproj\Banking\src\test\resources
2021-06-15 11:06:45,640 [Worker-4] INFO  c.g.t.t.d.PublishedGradleVersions - Gradle version information cache is up-to-date. Trying to read.
2021-06-15 11:06:54,805 [Worker-13] WARN  o.e.m.c.i.embedder.EclipseLogger - Using platform encoding (Cp1252 actually) to copy filtered resources, i.e. build is platform dependent!
2021-06-15 11:06:54,814 [Worker-13] INFO  o.e.m.c.i.embedder.EclipseLogger - Copying 0 resource
2021-06-15 11:06:54,818 [Worker-13] WARN  o.e.m.c.i.embedder.EclipseLogger - Using platform encoding (Cp1252 actually) to copy filtered resources, i.e. build is platform dependent!
2021-06-15 11:06:54,819 [Worker-13] INFO  o.e.m.c.i.embedder.EclipseLogger - skip non existing resourceDirectory C:\Users\dspsa\eclipse-workspace\mavenproj\Banking\src\test\resources
2021-06-15 11:07:47,777 [Worker-17] WARN  o.e.m.c.i.embedder.EclipseLogger - Using platform encoding (Cp1252 actually) to copy filtered resources, i.e. build is platform dependent!
2021-06-15 11:07:47,782 [Worker-17] INFO  o.e.m.c.i.embedder.EclipseLogger - Copying 0 resource
2021-06-15 11:07:47,784 [Worker-17] WARN  o.e.m.c.i.embedder.EclipseLogger - Using platform encoding (Cp1252 actually) to copy filtered resources, i.e. build is platform dependent!
2021-06-15 11:07:47,786 [Worker-17] INFO  o.e.m.c.i.embedder.EclipseLogger - skip non existing resourceDirectory C:\Users\dspsa\eclipse-workspace\mavenproj\Banking\src\test\resources
2021-06-18 15:27:06,298 [Worker-5] INFO  c.g.t.t.d.PublishedGradleVersions - Gradle version information cache is up-to-date. Trying to read.
2021-06-18 15:27:16,593 [Worker-10] WARN  o.e.m.c.i.embedder.EclipseLogger - Using platform encoding (Cp1252 actually) to copy filtered resources, i.e. build is platform dependent!
2021-06-18 15:27:16,620 [Worker-10] INFO  o.e.m.c.i.embedder.EclipseLogger - Copying 0 resource
2021-06-18 15:27:16,627 [Worker-10] WARN  o.e.m.c.i.embedder.EclipseLogger - Using platform encoding (Cp1252 actually) to copy filtered resources, i.e. build is platform dependent!
2021-06-18 15:27:16,629 [Worker-10] INFO  o.e.m.c.i.embedder.EclipseLogger - skip non existing resourceDirectory C:\Users\dspsa\eclipse-workspace\mavenproj\Banking\src\test\resources
2021-06-18 15:30:19,485 [Worker-3] WARN  o.e.m.c.i.embedder.EclipseLogger - Using platform encoding (Cp1252 actually) to copy filtered resources, i.e. build is platform dependent!
2021-06-18 15:30:19,499 [Worker-3] INFO  o.e.m.c.i.embedder.EclipseLogger - Copying 0 resource
2021-06-18 15:30:19,502 [Worker-3] WARN  o.e.m.c.i.embedder.EclipseLogger - Using platform encoding (Cp1252 actually) to copy filtered resources, i.e. build is platform dependent!
2021-06-18 15:30:19,503 [Worker-3] INFO  o.e.m.c.i.embedder.EclipseLogger - skip non existing resourceDirectory C:\Users\dspsa\eclipse-workspace\mavenproj\Banking\src\test\resources
2021-06-24 11:15:24,288 [Worker-1] INFO  c.g.t.t.d.PublishedGradleVersions - Gradle version information cache is up-to-date. Trying to read.
2021-06-24 11:15:29,535 [Worker-3] WARN  o.e.m.c.i.embedder.EclipseLogger - Using platform encoding (Cp1252 actually) to copy filtered resources, i.e. build is platform dependent!
2021-06-24 11:15:29,551 [Worker-3] INFO  o.e.m.c.i.embedder.EclipseLogger - Copying 0 resource
2021-06-24 11:15:29,557 [Worker-3] WARN  o.e.m.c.i.embedder.EclipseLogger - Using platform encoding (Cp1252 actually) to copy filtered resources, i.e. build is platform dependent!
2021-06-24 11:15:29,560 [Worker-3] INFO  o.e.m.c.i.embedder.EclipseLogger - skip non existing resourceDirectory C:\Users\dspsa\eclipse-workspace\mavenproj\Banking\src\test\resources
